<?xml version="1.0" encoding="UTF-8"?>
<testng-results skipped="0" failed="1" ignored="0" total="1" passed="0">
  <reporter-output>
    <line>
      <![CDATA[home page displayed===>pass]]>
    </line>
    <line>
      <![CDATA[veryfy title of the page===>pass]]>
    </line>
  </reporter-output>
  <suite name="Suite" duration-ms="24941" started-at="2019-06-29T15:59:40Z" finished-at="2019-06-29T16:00:05Z">
    <groups>
    </groups>
    <test name="Test" duration-ms="24941" started-at="2019-06-29T15:59:40Z" finished-at="2019-06-29T16:00:05Z">
      <class name="com.TestScript.com.MobileTest">
        <test-method status="PASS" signature="configBS()[pri:0, instance:com.TestScript.com.MobileTest@8646db9]" name="configBS" is-config="true" duration-ms="12" started-at="2019-06-29T15:59:40Z" finished-at="2019-06-29T15:59:40Z">
          <reporter-output>
          </reporter-output>
        </test-method> <!-- configBS -->
        <test-method status="PASS" signature="configBC()[pri:0, instance:com.TestScript.com.MobileTest@8646db9]" name="configBC" is-config="true" duration-ms="7781" started-at="2019-06-29T15:59:40Z" finished-at="2019-06-29T15:59:47Z">
          <reporter-output>
          </reporter-output>
        </test-method> <!-- configBC -->
        <test-method status="PASS" signature="configBM()[pri:0, instance:com.TestScript.com.MobileTest@8646db9]" name="configBM" is-config="true" duration-ms="9351" started-at="2019-06-29T15:59:47Z" finished-at="2019-06-29T15:59:57Z">
          <reporter-output>
          </reporter-output>
        </test-method> <!-- configBM -->
        <test-method status="FAIL" signature="mobilelistTest()[pri:0, instance:com.TestScript.com.MobileTest@8646db9]" name="mobilelistTest" duration-ms="7592" started-at="2019-06-29T15:59:57Z" finished-at="2019-06-29T16:00:04Z">
          <exception class="java.lang.AssertionError">
            <message>
              <![CDATA[expected [true] but found [false]]]>
            </message>
            <full-stacktrace>
              <![CDATA[java.lang.AssertionError: expected [true] but found [false]
at org.testng.Assert.fail(Assert.java:96)
at org.testng.Assert.failNotEquals(Assert.java:776)
at org.testng.Assert.assertTrue(Assert.java:44)
at org.testng.Assert.assertTrue(Assert.java:54)
at com.TestScript.com.MobileTest.mobilelistTest(MobileTest.java:75)
at sun.reflect.NativeMethodAccessorImpl.invoke0(Native Method)
at sun.reflect.NativeMethodAccessorImpl.invoke(NativeMethodAccessorImpl.java:62)
at sun.reflect.DelegatingMethodAccessorImpl.invoke(DelegatingMethodAccessorImpl.java:43)
at java.lang.reflect.Method.invoke(Method.java:497)
at org.testng.internal.MethodInvocationHelper.invokeMethod(MethodInvocationHelper.java:124)
at org.testng.internal.Invoker.invokeMethod(Invoker.java:580)
at org.testng.internal.Invoker.invokeTestMethod(Invoker.java:716)
at org.testng.internal.Invoker.invokeTestMethods(Invoker.java:988)
at org.testng.internal.TestMethodWorker.invokeTestMethods(TestMethodWorker.java:125)
at org.testng.internal.TestMethodWorker.run(TestMethodWorker.java:109)
at org.testng.TestRunner.privateRun(TestRunner.java:648)
at org.testng.TestRunner.run(TestRunner.java:505)
at org.testng.SuiteRunner.runTest(SuiteRunner.java:455)
at org.testng.SuiteRunner.runSequentially(SuiteRunner.java:450)
at org.testng.SuiteRunner.privateRun(SuiteRunner.java:415)
at org.testng.SuiteRunner.run(SuiteRunner.java:364)
at org.testng.SuiteRunnerWorker.runSuite(SuiteRunnerWorker.java:52)
at org.testng.SuiteRunnerWorker.run(SuiteRunnerWorker.java:84)
at org.testng.TestNG.runSuitesSequentially(TestNG.java:1208)
at org.testng.TestNG.runSuitesLocally(TestNG.java:1137)
at org.testng.TestNG.runSuites(TestNG.java:1049)
at org.testng.TestNG.run(TestNG.java:1017)
at org.testng.remote.AbstractRemoteTestNG.run(AbstractRemoteTestNG.java:114)
at org.testng.remote.RemoteTestNG.initAndRun(RemoteTestNG.java:251)
at org.testng.remote.RemoteTestNG.main(RemoteTestNG.java:77)
]]>
            </full-stacktrace>
          </exception> <!-- java.lang.AssertionError -->
          <reporter-output>
            <line>
              <![CDATA[home page displayed===>pass]]>
            </line>
            <line>
              <![CDATA[veryfy title of the page===>pass]]>
            </line>
          </reporter-output>
        </test-method> <!-- mobilelistTest -->
        <test-method status="PASS" signature="configAC()[pri:0, instance:com.TestScript.com.MobileTest@8646db9]" name="configAC" is-config="true" duration-ms="14" started-at="2019-06-29T16:00:05Z" finished-at="2019-06-29T16:00:05Z">
          <reporter-output>
          </reporter-output>
        </test-method> <!-- configAC -->
        <test-method status="PASS" signature="configAM()[pri:0, instance:com.TestScript.com.MobileTest@8646db9]" name="configAM" is-config="true" duration-ms="0" started-at="2019-06-29T16:00:05Z" finished-at="2019-06-29T16:00:05Z">
          <reporter-output>
          </reporter-output>
        </test-method> <!-- configAM -->
        <test-method status="PASS" signature="configAS()[pri:0, instance:com.TestScript.com.MobileTest@8646db9]" name="configAS" is-config="true" duration-ms="3" started-at="2019-06-29T16:00:05Z" finished-at="2019-06-29T16:00:05Z">
          <reporter-output>
          </reporter-output>
        </test-method> <!-- configAS -->
      </class> <!-- com.TestScript.com.MobileTest -->
    </test> <!-- Test -->
  </suite> <!-- Suite -->
</testng-results>
