<?xml version="1.0" encoding="UTF-8"?>
<!-- Generated by org.testng.reporters.JUnitXMLReporter -->
<testsuite hostname="Sai-PC" name="Test" tests="1" failures="1" timestamp="18 Aug 2019 11:08:19 GMT" time="13.737" errors="0">
  <testcase name="mobilelistTest" time="3.602" classname="com.TestScript.com.MobileTest">
    <failure type="java.lang.AssertionError" message="expected [true] but found [false]">
      <![CDATA[java.lang.AssertionError: expected [true] but found [false]
	at com.TestScript.com.MobileTest.mobilelistTest(MobileTest.java:75)
... Removed 28 stack frames]]>
    </failure>
  </testcase> <!-- mobilelistTest -->
</testsuite> <!-- Test -->
