<?xml version="1.0" encoding="UTF-8"?>
<!-- Generated by org.testng.reporters.JUnitXMLReporter -->
<testsuite hostname="Sai-PC" ignored="0" name="Test" tests="1" failures="1" timestamp="29 Jun 2019 16:00:05 GMT" time="24.941" errors="0">
  <testcase name="mobilelistTest" time="7.592" classname="com.TestScript.com.MobileTest">
    <failure type="java.lang.AssertionError" message="expected [true] but found [false]">
      <![CDATA[java.lang.AssertionError: expected [true] but found [false]
at com.TestScript.com.MobileTest.mobilelistTest(MobileTest.java:75)
... Removed 29 stack frames]]>
    </failure>
  </testcase> <!-- mobilelistTest -->
</testsuite> <!-- Test -->
