<?xml version="1.0" encoding="UTF-8"?>
<!-- Generated by org.testng.reporters.JUnitReportReporter -->
<testsuite hostname="Sai-PC" name="selenium.annotaion" tests="6" failures="0" timestamp="6 Mar 2019 20:18:36 GMT" time="0.030" errors="0">
  <testcase name="config4" time="0.004" classname="selenium.annotaion"/>
  <testcase name="config6" time="0.002" classname="selenium.annotaion"/>
  <testcase name="config1" time="0.013" classname="selenium.annotaion"/>
  <testcase name="config2" time="0.002" classname="selenium.annotaion"/>
  <testcase name="config3" time="0.006" classname="selenium.annotaion"/>
  <testcase name="config5" time="0.003" classname="selenium.annotaion"/>
</testsuite> <!-- selenium.annotaion -->
