<?xml version="1.0" encoding="UTF-8"?>
<testng-results skipped="0" failed="0" total="1" passed="1">
  <reporter-output>
    <line>
      <![CDATA[home page displayed===>pass]]>
    </line>
    <line>
      <![CDATA[veryfy title of the page===>pass]]>
    </line>
  </reporter-output>
  <suite name="Suite" duration-ms="15800" started-at="2019-08-18T11:12:18Z" finished-at="2019-08-18T11:12:34Z">
    <groups>
    </groups>
    <test name="Test" duration-ms="15800" started-at="2019-08-18T11:12:18Z" finished-at="2019-08-18T11:12:34Z">
      <class name="com.TestScript.com.MobileTest">
        <test-method status="PASS" signature="configBS()[pri:0, instance:com.TestScript.com.MobileTest@60addb54]" name="configBS" is-config="true" duration-ms="9" started-at="2019-08-18T16:42:18Z" finished-at="2019-08-18T16:42:18Z">
          <reporter-output>
          </reporter-output>
        </test-method> <!-- configBS -->
        <test-method status="PASS" signature="configBC()[pri:0, instance:com.TestScript.com.MobileTest@60addb54]" name="configBC" is-config="true" duration-ms="6258" started-at="2019-08-18T16:42:18Z" finished-at="2019-08-18T16:42:24Z">
          <reporter-output>
          </reporter-output>
        </test-method> <!-- configBC -->
        <test-method status="PASS" signature="configBM()[pri:0, instance:com.TestScript.com.MobileTest@60addb54]" name="configBM" is-config="true" duration-ms="5028" started-at="2019-08-18T16:42:24Z" finished-at="2019-08-18T16:42:29Z">
          <reporter-output>
          </reporter-output>
        </test-method> <!-- configBM -->
        <test-method status="PASS" signature="mobilelistTest()[pri:0, instance:com.TestScript.com.MobileTest@60addb54]" name="mobilelistTest" duration-ms="4500" started-at="2019-08-18T16:42:29Z" finished-at="2019-08-18T16:42:34Z">
          <reporter-output>
            <line>
              <![CDATA[home page displayed===>pass]]>
            </line>
            <line>
              <![CDATA[veryfy title of the page===>pass]]>
            </line>
          </reporter-output>
        </test-method> <!-- mobilelistTest -->
        <test-method status="PASS" signature="configAC()[pri:0, instance:com.TestScript.com.MobileTest@60addb54]" name="configAC" is-config="true" duration-ms="6" started-at="2019-08-18T16:42:34Z" finished-at="2019-08-18T16:42:34Z">
          <reporter-output>
          </reporter-output>
        </test-method> <!-- configAC -->
        <test-method status="PASS" signature="configAM()[pri:0, instance:com.TestScript.com.MobileTest@60addb54]" name="configAM" is-config="true" duration-ms="0" started-at="2019-08-18T16:42:34Z" finished-at="2019-08-18T16:42:34Z">
          <reporter-output>
          </reporter-output>
        </test-method> <!-- configAM -->
        <test-method status="PASS" signature="configAS()[pri:0, instance:com.TestScript.com.MobileTest@60addb54]" name="configAS" is-config="true" duration-ms="7" started-at="2019-08-18T16:42:34Z" finished-at="2019-08-18T16:42:34Z">
          <reporter-output>
          </reporter-output>
        </test-method> <!-- configAS -->
      </class> <!-- com.TestScript.com.MobileTest -->
    </test> <!-- Test -->
  </suite> <!-- Suite -->
</testng-results>
